Running from: /usr/share/jenkins/jenkins.war
Sep 08, 2016 2:46:44 AM org.eclipse.jetty.util.log.JavaUtilLog info
INFO: Logging initialized @1158ms
Sep 08, 2016 2:46:44 AM winstone.Logger logInternal
INFO: Beginning extraction from war file
Sep 08, 2016 2:46:45 AM org.eclipse.jetty.util.log.JavaUtilLog warn
WARNING: Empty contextPath
Sep 08, 2016 2:46:45 AM org.eclipse.jetty.util.log.JavaUtilLog info
INFO: jetty-9.2.z-SNAPSHOT
Sep 08, 2016 2:46:46 AM org.eclipse.jetty.util.log.JavaUtilLog info
INFO: NO JSP Support for /, did not find org.eclipse.jetty.jsp.JettyJspServlet
Jenkins home directory: /var/jenkins_home found at: EnvVars.masterEnvVars.get("JENKINS_HOME")
Sep 08, 2016 2:46:47 AM org.eclipse.jetty.util.log.JavaUtilLog info
INFO: Started w.@5b11a194{/,file:/var/cache/jenkins/war/,AVAILABLE}{/var/cache/jenkins/war}
Sep 08, 2016 2:46:47 AM org.eclipse.jetty.util.log.JavaUtilLog info
INFO: Started ServerConnector@50fe837a{HTTP/1.1}{0.0.0.0:8080}
Sep 08, 2016 2:46:47 AM org.eclipse.jetty.util.log.JavaUtilLog info
INFO: Started @4094ms
Sep 08, 2016 2:46:47 AM winstone.Logger logInternal
INFO: Winstone Servlet Engine v2.0 running: controlPort=disabled
Sep 08, 2016 2:46:47 AM jenkins.InitReactorRunner$1 onAttained
INFO: Started initialization
Sep 08, 2016 2:46:47 AM jenkins.InitReactorRunner$1 onAttained
INFO: Listed all plugins
Sep 08, 2016 2:46:48 AM jenkins.InitReactorRunner$1 onAttained
INFO: Prepared all plugins
Sep 08, 2016 2:46:48 AM jenkins.InitReactorRunner$1 onAttained
INFO: Started all plugins
Sep 08, 2016 2:46:48 AM jenkins.InitReactorRunner$1 onAttained
INFO: Augmented all extensions
Sep 08, 2016 2:46:50 AM jenkins.InitReactorRunner$1 onAttained
INFO: Loaded all jobs
Sep 08, 2016 2:46:50 AM hudson.model.AsyncPeriodicWork$1 run
INFO: Started Download metadata
Sep 08, 2016 2:46:50 AM jenkins.util.groovy.GroovyHookScript execute
INFO: Executing /var/jenkins_home/init.groovy.d/tcp-slave-agent-port.groovy
Sep 08, 2016 2:46:50 AM org.jenkinsci.main.modules.sshd.SSHD start
INFO: Started SSHD at port 36395
Sep 08, 2016 2:46:50 AM jenkins.InitReactorRunner$1 onAttained
INFO: Completed initialization
Sep 08, 2016 2:46:51 AM org.springframework.context.support.AbstractApplicationContext prepareRefresh
INFO: Refreshing org.springframework.web.context.support.StaticWebApplicationContext@12fd75ca: display name [Root WebApplicationContext]; startup date [Thu Sep 08 02:46:51 UTC 2016]; root of context hierarchy
Sep 08, 2016 2:46:51 AM org.springframework.context.support.AbstractApplicationContext obtainFreshBeanFactory
INFO: Bean factory for application context [org.springframework.web.context.support.StaticWebApplicationContext@12fd75ca]: org.springframework.beans.factory.support.DefaultListableBeanFactory@5102f181
Sep 08, 2016 2:46:51 AM org.springframework.beans.factory.support.DefaultListableBeanFactory preInstantiateSingletons
INFO: Pre-instantiating singletons in org.springframework.beans.factory.support.DefaultListableBeanFactory@5102f181: defining beans [authenticationManager]; root of factory hierarchy
Sep 08, 2016 2:46:51 AM org.springframework.context.support.AbstractApplicationContext prepareRefresh
INFO: Refreshing org.springframework.web.context.support.StaticWebApplicationContext@400f9916: display name [Root WebApplicationContext]; startup date [Thu Sep 08 02:46:51 UTC 2016]; root of context hierarchy
Sep 08, 2016 2:46:51 AM org.springframework.context.support.AbstractApplicationContext obtainFreshBeanFactory
INFO: Bean factory for application context [org.springframework.web.context.support.StaticWebApplicationContext@400f9916]: org.springframework.beans.factory.support.DefaultListableBeanFactory@560614d6
Sep 08, 2016 2:46:51 AM org.springframework.beans.factory.support.DefaultListableBeanFactory preInstantiateSingletons
INFO: Pre-instantiating singletons in org.springframework.beans.factory.support.DefaultListableBeanFactory@560614d6: defining beans [filter,legacy]; root of factory hierarchy
Sep 08, 2016 2:46:51 AM jenkins.install.SetupWizard init
INFO: 

*************************************************************
*************************************************************
*************************************************************

Jenkins initial setup is required. An admin user has been created and a password generated.
Please use the following password to proceed to installation:

3cce1383533b43489988b09dc0c01478

This may also be found at: /var/jenkins_home/secrets/initialAdminPassword

*************************************************************
*************************************************************
*************************************************************

Sep 08, 2016 2:46:54 AM hudson.model.UpdateSite updateData
INFO: Obtained the latest update center data file for UpdateSource default
Sep 08, 2016 2:46:54 AM hudson.model.DownloadService$Downloadable load
INFO: Obtained the updated data file for hudson.tasks.Maven.MavenInstaller
Sep 08, 2016 2:46:56 AM hudson.model.UpdateSite updateData
INFO: Obtained the latest update center data file for UpdateSource default
Sep 08, 2016 2:46:56 AM hudson.WebAppMain$3 run
INFO: Jenkins is fully up and running
Sep 08, 2016 2:46:56 AM hudson.model.DownloadService$Downloadable load
INFO: Obtained the updated data file for hudson.tools.JDKInstaller
Sep 08, 2016 2:46:56 AM hudson.model.AsyncPeriodicWork$1 run
INFO: Finished Download metadata. 6,513 ms
Sep 08, 2016 2:46:59 AM hudson.security.csrf.CrumbFilter doFilter
WARNING: Found invalid crumb c5eaba1ebd1b72fd06a081398ae8b664.  Will check remaining parameters for a valid one...
Sep 08, 2016 2:46:59 AM hudson.security.csrf.CrumbFilter doFilter
WARNING: Found invalid crumb c5eaba1ebd1b72fd06a081398ae8b664.  Will check remaining parameters for a valid one...
Sep 08, 2016 2:46:59 AM hudson.security.csrf.CrumbFilter doFilter
WARNING: No valid crumb was included in request for /ajaxExecutors. Returning 403.
Sep 08, 2016 2:46:59 AM hudson.security.csrf.CrumbFilter doFilter
WARNING: No valid crumb was included in request for /ajaxBuildQueue. Returning 403.
--> setting agent port for jnlp
--> setting agent port for jnlp... done
